<?xml version="1.0" encoding="UTF-8"?>
<!-- Generated by org.testng.reporters.JUnitReportReporter -->
<testsuite skipped="0" hostname="DESKTOP-UP6M24A" name="qaclickacademy.SeleniumTest" tests="2" failures="0" timestamp="12 Jun 2018 17:00:10 GMT" time="0.008" errors="0">
  <testcase name="sendMail" time="0.000" classname="qaclickacademy.SeleniumTest"/>
  <testcase name="BrowserAutomation" time="0.008" classname="qaclickacademy.SeleniumTest"/>
</testsuite> <!-- qaclickacademy.SeleniumTest -->
